<?xml version="1.0" encoding="UTF-8"?>
<testng-results ignored="0" total="1" passed="1" failed="0" skipped="0">
  <reporter-output>
  </reporter-output>
  <suite started-at="2023-07-11T20:02:49 IST" name="Default suite" finished-at="2023-07-11T20:02:49 IST" duration-ms="49">
    <groups>
    </groups>
    <test started-at="2023-07-11T20:02:49 IST" name="Default test" finished-at="2023-07-11T20:02:49 IST" duration-ms="49">
      <class name="com.testng.NewTest">
        <test-method signature="f()[pri:0, instance:com.testng.NewTest@4803b726]" started-at="2023-07-11T20:02:49 IST" name="f" finished-at="2023-07-11T20:02:49 IST" duration-ms="8" status="PASS">
          <reporter-output>
          </reporter-output>
        </test-method> <!-- f -->
      </class> <!-- com.testng.NewTest -->
    </test> <!-- Default test -->
  </suite> <!-- Default suite -->
</testng-results>
